<?xml version="1.0" encoding="UTF-8"?>
<testng-results total="1" passed="1" failed="0" skipped="0">
  <reporter-output>
  </reporter-output>
  <suite started-at="2018-11-15T07:37:08Z" name="Single" finished-at="2018-11-15T07:37:24Z" duration-ms="16161">
    <groups>
    </groups>
    <test started-at="2018-11-15T07:37:08Z" name="SingleTest" finished-at="2018-11-15T07:37:24Z" duration-ms="16161">
      <class name="com.browserstack.SingleTest">
        <test-method is-config="true" signature="setUp(java.lang.String, java.lang.String)[pri:0, instance:com.browserstack.SingleTest@31d7b7bf]" started-at="2018-11-15T13:07:08Z" name="setUp" finished-at="2018-11-15T13:07:13Z" duration-ms="4627" status="PASS">
          <params>
            <param index="0">
              <value>
                <![CDATA[single.conf.json]]>
              </value>
            </param>
            <param index="1">
              <value>
                <![CDATA[chrome]]>
              </value>
            </param>
          </params>
          <reporter-output>
          </reporter-output>
        </test-method> <!-- setUp -->
        <test-method signature="test()[pri:0, instance:com.browserstack.SingleTest@31d7b7bf]" started-at="2018-11-15T13:07:13Z" name="test" finished-at="2018-11-15T13:07:23Z" duration-ms="10353" status="PASS">
          <reporter-output>
          </reporter-output>
        </test-method> <!-- test -->
        <test-method is-config="true" signature="tearDown()[pri:0, instance:com.browserstack.SingleTest@31d7b7bf]" started-at="2018-11-15T13:07:23Z" name="tearDown" finished-at="2018-11-15T13:07:24Z" duration-ms="1173" status="PASS">
          <reporter-output>
          </reporter-output>
        </test-method> <!-- tearDown -->
      </class> <!-- com.browserstack.SingleTest -->
    </test> <!-- SingleTest -->
  </suite> <!-- Single -->
</testng-results>
